#
# There is insufficient memory for the Java Runtime Environment to continue.
# Native memory allocation (mmap) failed to map 27262976 bytes for G1 virtual space
# Possible reasons:
#   The system is out of physical RAM or swap space
#   The process is running with CompressedOops enabled, and the Java Heap may be blocking the growth of the native heap
# Possible solutions:
#   Reduce memory load on the system
#   Increase physical memory or swap space
#   Check if swap backing store is full
#   Decrease Java heap size (-Xmx/-Xms)
#   Decrease number of Java threads
#   Decrease Java thread stack sizes (-Xss)
#   Set larger code cache with -XX:ReservedCodeCacheSize=
#   JVM is running with Zero Based Compressed Oops mode in which the Java heap is
#     placed in the first 32GB address space. The Java Heap base address is the
#     maximum limit for the native heap growth. Please use -XX:HeapBaseMinAddress
#     to set the Java Heap base and to place the Java Heap above 32GB virtual address.
# This output file may be truncated or incomplete.
#
#  Out of Memory Error (os_windows.cpp:3532), pid=14804, tid=10980
#
# JRE version: Java(TM) SE Runtime Environment (17.0.2+8) (build 17.0.2+8-LTS-86)
# Java VM: Java HotSpot(TM) 64-Bit Server VM (17.0.2+8-LTS-86, mixed mode, sharing, tiered, compressed oops, compressed class ptrs, g1 gc, windows-amd64)
# No core dump will be written. Minidumps are not enabled by default on client versions of Windows
#

---------------  S U M M A R Y ------------

Command Line: org.jetbrains.kotlin.cli.jvm.K2JVMCompiler @F:\Serious Projects\PersonalLifeAdvice\PersonalLIfeLessons\app\build\20230115_12337208505093304968.compiler.options

Host: Intel(R) Core(TM) i5-1035G1 CPU @ 1.00GHz, 8 cores, 11G,  Windows 11 , 64 bit Build 22621 (10.0.22621.1105)
Time: Sun Jan 15 17:50:54 2023 Nepal Standard Time elapsed time: 25.382769 seconds (0d 0h 0m 25s)

---------------  T H R E A D  ---------------

Current thread (0x000002412de4de10):  VMThread "VM Thread" [stack: 0x000000f205800000,0x000000f205900000] [id=10980]

Stack: [0x000000f205800000,0x000000f205900000]
Native frames: (J=compiled Java code, j=interpreted, Vv=VM code, C=native code)
V  [jvm.dll+0x670baa]
V  [jvm.dll+0x7cfcb4]
V  [jvm.dll+0x7d145e]
V  [jvm.dll+0x7d1ac3]
V  [jvm.dll+0x242bc5]
V  [jvm.dll+0x66dac9]
V  [jvm.dll+0x662412]
V  [jvm.dll+0x300c0b]
V  [jvm.dll+0x3081a6]
V  [jvm.dll+0x357d0e]
V  [jvm.dll+0x357f3f]
V  [jvm.dll+0x2d7ec8]
V  [jvm.dll+0x2d6194]
V  [jvm.dll+0x2d579c]
V  [jvm.dll+0x319411]
V  [jvm.dll+0x7d5f9b]
V  [jvm.dll+0x7d6cd4]
V  [jvm.dll+0x7d71ec]
V  [jvm.dll+0x7d75c4]
V  [jvm.dll+0x7d7690]
V  [jvm.dll+0x77ff7a]
V  [jvm.dll+0x66fa35]
C  [ucrtbase.dll+0x29363]
C  [KERNEL32.DLL+0x126bd]
C  [ntdll.dll+0x5dfb8]

VM_Operation (0x000000f2052f98e0): G1TryInitiateConcMark, mode: safepoint, requested by thread 0x000002410b7aa7e0


---------------  P R O C E S S  ---------------

Threads class SMR info:
_java_thread_list=0x000002412e83c270, length=13, elements={
0x000002410b7aa7e0, 0x000002412de51cb0, 0x000002412de52860, 0x000002412de680c0,
0x000002412de6aa80, 0x000002412de6bc50, 0x000002412de6d820, 0x000002412de70fe0,
0x000002412de71a80, 0x000002412de770b0, 0x000002412e8d96c0, 0x000002412e8e5d50,
0x000002412f0e8ff0
}

Java Threads: ( => current thread )
  0x000002410b7aa7e0 JavaThread "main" [_thread_blocked, id=8612, stack(0x000000f205200000,0x000000f205300000)]
  0x000002412de51cb0 JavaThread "Reference Handler" daemon [_thread_blocked, id=12048, stack(0x000000f205900000,0x000000f205a00000)]
  0x000002412de52860 JavaThread "Finalizer" daemon [_thread_blocked, id=12228, stack(0x000000f205a00000,0x000000f205b00000)]
  0x000002412de680c0 JavaThread "Signal Dispatcher" daemon [_thread_blocked, id=2904, stack(0x000000f205b00000,0x000000f205c00000)]
  0x000002412de6aa80 JavaThread "Attach Listener" daemon [_thread_blocked, id=2828, stack(0x000000f205c00000,0x000000f205d00000)]
  0x000002412de6bc50 JavaThread "Service Thread" daemon [_thread_blocked, id=7356, stack(0x000000f205d00000,0x000000f205e00000)]
  0x000002412de6d820 JavaThread "Monitor Deflation Thread" daemon [_thread_blocked, id=2232, stack(0x000000f205e00000,0x000000f205f00000)]
  0x000002412de70fe0 JavaThread "C2 CompilerThread0" daemon [_thread_blocked, id=1012, stack(0x000000f205f00000,0x000000f206000000)]
  0x000002412de71a80 JavaThread "C1 CompilerThread0" daemon [_thread_blocked, id=9324, stack(0x000000f206000000,0x000000f206100000)]
  0x000002412de770b0 JavaThread "Sweeper thread" daemon [_thread_blocked, id=14456, stack(0x000000f206100000,0x000000f206200000)]
  0x000002412e8d96c0 JavaThread "Notification Thread" daemon [_thread_blocked, id=1864, stack(0x000000f206200000,0x000000f206300000)]
  0x000002412e8e5d50 JavaThread "Common-Cleaner" daemon [_thread_blocked, id=18176, stack(0x000000f206400000,0x000000f206500000)]
  0x000002412f0e8ff0 JavaThread "C2 CompilerThread1" daemon [_thread_blocked, id=17956, stack(0x000000f207000000,0x000000f207100000)]

Other Threads:
=>0x000002412de4de10 VMThread "VM Thread" [stack: 0x000000f205800000,0x000000f205900000] [id=10980]
  0x000002410d8e00a0 WatcherThread [stack: 0x000000f206300000,0x000000f206400000] [id=3220]
  0x000002410d8c09d0 GCTaskThread "GC Thread#0" [stack: 0x000000f205300000,0x000000f205400000] [id=12580]
  0x000002412ede0670 GCTaskThread "GC Thread#1" [stack: 0x000000f206500000,0x000000f206600000] [id=16556]
  0x000002412edf27e0 GCTaskThread "GC Thread#2" [stack: 0x000000f206600000,0x000000f206700000] [id=17124]
  0x000002412edf2a90 GCTaskThread "GC Thread#3" [stack: 0x000000f206700000,0x000000f206800000] [id=1584]
  0x000002412edd3f60 GCTaskThread "GC Thread#4" [stack: 0x000000f206800000,0x000000f206900000] [id=2784]
  0x000002412fd3fe40 GCTaskThread "GC Thread#5" [stack: 0x000000f206900000,0x000000f206a00000] [id=3100]
  0x000002412f35c7c0 GCTaskThread "GC Thread#6" [stack: 0x000000f206a00000,0x000000f206b00000] [id=16892]
  0x000002412fd199f0 GCTaskThread "GC Thread#7" [stack: 0x000000f206b00000,0x000000f206c00000] [id=9036]
  0x000002410d8cd700 ConcurrentGCThread "G1 Main Marker" [stack: 0x000000f205400000,0x000000f205500000] [id=12688]
  0x000002410d8cf760 ConcurrentGCThread "G1 Conc#0" [stack: 0x000000f205500000,0x000000f205600000] [id=13188]
  0x0000024130361c60 ConcurrentGCThread "G1 Conc#1" [stack: 0x000000f206c00000,0x000000f206d00000] [id=16636]
  0x000002410d942f30 ConcurrentGCThread "G1 Refine#0" [stack: 0x000000f205600000,0x000000f205700000] [id=13856]
  0x000002412ef2b930 ConcurrentGCThread "G1 Refine#1" [stack: 0x000000f206d00000,0x000000f206e00000] [id=18064]
  0x000002412e852460 ConcurrentGCThread "G1 Refine#2" [stack: 0x000000f206e00000,0x000000f206f00000] [id=10188]
  0x000002412eecfdc0 ConcurrentGCThread "G1 Refine#3" [stack: 0x000000f206f00000,0x000000f207000000] [id=8220]
  0x000002412dd105a0 ConcurrentGCThread "G1 Service" [stack: 0x000000f205700000,0x000000f205800000] [id=14364]

Threads with active compile tasks:
C2 CompilerThread0    25421 5468       4       java.lang.reflect.AccessibleObject::checkAccess (40 bytes)
C2 CompilerThread1    25421 5469       4       java.lang.reflect.AccessibleObject::verifyAccess (55 bytes)

VM state: at safepoint (normal execution)

VM Mutex/Monitor currently owned by a thread:  ([mutex/lock_event])
[0x000002410d87d330] Threads_lock - owner thread: 0x000002412de4de10
[0x000002410d87d9f0] Heap_lock - owner thread: 0x000002410b7aa7e0

Heap address: 0x0000000743600000, size: 3018 MB, Compressed Oops mode: Zero based, Oop shift amount: 3

CDS archive(s) mapped at: [0x0000000800000000-0x0000000800bc0000-0x0000000800bc0000), size 12320768, SharedBaseAddress: 0x0000000800000000, ArchiveRelocationMode: 0.
Compressed class space mapped at: 0x0000000800c00000-0x0000000840c00000, reserved size: 1073741824
Narrow klass base: 0x0000000800000000, Narrow klass shift: 0, Narrow klass range: 0x100000000

GC Precious Log:
 CPUs: 8 total, 8 available
 Memory: 12069M
 Large Page Support: Disabled
 NUMA Support: Disabled
 Compressed Oops: Enabled (Zero based)
 Heap Region Size: 2M
 Heap Min Capacity: 8M
 Heap Initial Capacity: 190M
 Heap Max Capacity: 3018M
 Pre-touch: Disabled
 Parallel Workers: 8
 Concurrent Workers: 2
 Concurrent Refinement Workers: 8
 Periodic GC: Disabled

Heap:
 garbage-first heap   total 194560K, used 59495K [0x0000000743600000, 0x0000000800000000)
  region size 2048K, 3 young (6144K), 3 survivors (6144K)
 Metaspace       used 43504K, committed 43840K, reserved 1089536K
  class space    used 5279K, committed 5440K, reserved 1048576K

Heap Regions: E=young(eden), S=young(survivor), O=old, HS=humongous(starts), HC=humongous(continues), CS=collection set, F=free, OA=open archive, CA=closed archive, TAMS=top-at-mark-start (previous, next)
|   0|0x0000000743600000, 0x0000000743800000, 0x0000000743800000|100%|HS|  |TAMS 0x0000000743800000, 0x0000000743800000| Complete 
|   1|0x0000000743800000, 0x0000000743a00000, 0x0000000743a00000|100%|HC|  |TAMS 0x0000000743a00000, 0x0000000743a00000| Complete 
|   2|0x0000000743a00000, 0x0000000743c00000, 0x0000000743c00000|100%| O|  |TAMS 0x0000000743c00000, 0x0000000743c00000| Untracked 
|   3|0x0000000743c00000, 0x0000000743e00000, 0x0000000743e00000|100%|HS|  |TAMS 0x0000000743e00000, 0x0000000743e00000| Complete 
|   4|0x0000000743e00000, 0x0000000744000000, 0x0000000744000000|100%|HS|  |TAMS 0x0000000744000000, 0x0000000744000000| Complete 
|   5|0x0000000744000000, 0x0000000744200000, 0x0000000744200000|100%|HC|  |TAMS 0x0000000744200000, 0x0000000744200000| Complete 
|   6|0x0000000744200000, 0x0000000744400000, 0x0000000744400000|100%| O|  |TAMS 0x0000000744400000, 0x0000000744400000| Untracked 
|   7|0x0000000744400000, 0x0000000744600000, 0x0000000744600000|100%| O|  |TAMS 0x0000000744600000, 0x0000000744600000| Untracked 
|   8|0x0000000744600000, 0x0000000744800000, 0x0000000744800000|100%| O|  |TAMS 0x0000000744800000, 0x0000000744800000| Untracked 
|   9|0x0000000744800000, 0x0000000744a00000, 0x0000000744a00000|100%| O|  |TAMS 0x0000000744a00000, 0x0000000744a00000| Untracked 
|  10|0x0000000744a00000, 0x0000000744c00000, 0x0000000744c00000|100%| O|  |TAMS 0x0000000744c00000, 0x0000000744c00000| Untracked 
|  11|0x0000000744c00000, 0x0000000744e00000, 0x0000000744e00000|100%| O|  |TAMS 0x0000000744e00000, 0x0000000744e00000| Untracked 
|  12|0x0000000744e00000, 0x0000000745000000, 0x0000000745000000|100%| O|  |TAMS 0x0000000745000000, 0x0000000745000000| Untracked 
|  13|0x0000000745000000, 0x0000000745200000, 0x0000000745200000|100%| O|  |TAMS 0x0000000745200000, 0x0000000745200000| Untracked 
|  14|0x0000000745200000, 0x0000000745200000, 0x0000000745400000|  0%| F|  |TAMS 0x0000000745200000, 0x0000000745200000| Untracked 
|  15|0x0000000745400000, 0x0000000745600000, 0x0000000745600000|100%| O|  |TAMS 0x0000000745600000, 0x0000000745600000| Untracked 
|  16|0x0000000745600000, 0x0000000745800000, 0x0000000745800000|100%| O|  |TAMS 0x0000000745800000, 0x0000000745800000| Untracked 
|  17|0x0000000745800000, 0x0000000745a00000, 0x0000000745a00000|100%| O|  |TAMS 0x0000000745a00000, 0x0000000745a00000| Untracked 
|  18|0x0000000745a00000, 0x0000000745c00000, 0x0000000745c00000|100%| O|  |TAMS 0x0000000745c00000, 0x0000000745c00000| Untracked 
|  19|0x0000000745c00000, 0x0000000745e00000, 0x0000000745e00000|100%| O|  |TAMS 0x0000000745e00000, 0x0000000745e00000| Untracked 
|  20|0x0000000745e00000, 0x0000000746000000, 0x0000000746000000|100%| O|  |TAMS 0x0000000746000000, 0x0000000746000000| Untracked 
|  21|0x0000000746000000, 0x0000000746200000, 0x0000000746200000|100%| O|  |TAMS 0x0000000746200000, 0x0000000746200000| Untracked 
|  22|0x0000000746200000, 0x0000000746400000, 0x0000000746400000|100%| O|  |TAMS 0x0000000746400000, 0x0000000746400000| Untracked 
|  23|0x0000000746400000, 0x0000000746600000, 0x0000000746600000|100%| O|  |TAMS 0x0000000746599200, 0x0000000746600000| Untracked 
|  24|0x0000000746600000, 0x0000000746800000, 0x0000000746800000|100%| O|  |TAMS 0x0000000746600000, 0x0000000746800000| Untracked 
|  25|0x0000000746800000, 0x0000000746a00000, 0x0000000746a00000|100%| O|  |TAMS 0x0000000746800000, 0x0000000746847800| Untracked 
|  26|0x0000000746a00000, 0x0000000746c00000, 0x0000000746c00000|100%| O|  |TAMS 0x0000000746a00000, 0x0000000746a00000| Untracked 
|  27|0x0000000746c00000, 0x0000000746d32400, 0x0000000746e00000| 59%| O|  |TAMS 0x0000000746c00000, 0x0000000746c00000| Untracked 
|  28|0x0000000746e00000, 0x0000000746e00000, 0x0000000747000000|  0%| F|  |TAMS 0x0000000746e00000, 0x0000000746e00000| Untracked 
|  29|0x0000000747000000, 0x0000000747000000, 0x0000000747200000|  0%| F|  |TAMS 0x0000000747000000, 0x0000000747000000| Untracked 
|  30|0x0000000747200000, 0x0000000747200000, 0x0000000747400000|  0%| F|  |TAMS 0x0000000747200000, 0x0000000747200000| Untracked 
|  31|0x0000000747400000, 0x0000000747400000, 0x0000000747600000|  0%| F|  |TAMS 0x0000000747400000, 0x0000000747400000| Untracked 
|  32|0x0000000747600000, 0x0000000747600000, 0x0000000747800000|  0%| F|  |TAMS 0x0000000747600000, 0x0000000747600000| Untracked 
|  33|0x0000000747800000, 0x0000000747800000, 0x0000000747a00000|  0%| F|  |TAMS 0x0000000747800000, 0x0000000747800000| Untracked 
|  34|0x0000000747a00000, 0x0000000747a00000, 0x0000000747c00000|  0%| F|  |TAMS 0x0000000747a00000, 0x0000000747a00000| Untracked 
|  35|0x0000000747c00000, 0x0000000747c00000, 0x0000000747e00000|  0%| F|  |TAMS 0x0000000747c00000, 0x0000000747c00000| Untracked 
|  36|0x0000000747e00000, 0x0000000747ee7980, 0x0000000748000000| 45%| S|CS|TAMS 0x0000000747e00000, 0x0000000747e00000| Complete 
|  37|0x0000000748000000, 0x0000000748200000, 0x0000000748200000|100%| S|CS|TAMS 0x0000000748000000, 0x0000000748000000| Complete 
|  38|0x0000000748200000, 0x0000000748200000, 0x0000000748400000|  0%| F|  |TAMS 0x0000000748200000, 0x0000000748200000| Untracked 
|  39|0x0000000748400000, 0x0000000748600000, 0x0000000748600000|100%| S|CS|TAMS 0x0000000748400000, 0x0000000748400000| Complete 
|  40|0x0000000748600000, 0x0000000748600000, 0x0000000748800000|  0%| F|  |TAMS 0x0000000748600000, 0x0000000748600000| Untracked 
|  41|0x0000000748800000, 0x0000000748800000, 0x0000000748a00000|  0%| F|  |TAMS 0x0000000748800000, 0x0000000748800000| Untracked 
|  42|0x0000000748a00000, 0x0000000748a00000, 0x0000000748c00000|  0%| F|  |TAMS 0x0000000748a00000, 0x0000000748a00000| Untracked 
|  43|0x0000000748c00000, 0x0000000748c00000, 0x0000000748e00000|  0%| F|  |TAMS 0x0000000748c00000, 0x0000000748c00000| Untracked 
|  44|0x0000000748e00000, 0x0000000748e00000, 0x0000000749000000|  0%| F|  |TAMS 0x0000000748e00000, 0x0000000748e00000| Untracked 
|  45|0x0000000749000000, 0x0000000749000000, 0x0000000749200000|  0%| F|  |TAMS 0x0000000749000000, 0x0000000749000000| Untracked 
|  46|0x0000000749200000, 0x0000000749200000, 0x0000000749400000|  0%| F|  |TAMS 0x0000000749200000, 0x0000000749200000| Untracked 
|  47|0x0000000749400000, 0x0000000749400000, 0x0000000749600000|  0%| F|  |TAMS 0x0000000749400000, 0x0000000749400000| Untracked 
|  48|0x0000000749600000, 0x0000000749600000, 0x0000000749800000|  0%| F|  |TAMS 0x0000000749600000, 0x0000000749600000| Untracked 
|  49|0x0000000749800000, 0x0000000749800000, 0x0000000749a00000|  0%| F|  |TAMS 0x0000000749800000, 0x0000000749800000| Untracked 
|  50|0x0000000749a00000, 0x0000000749a00000, 0x0000000749c00000|  0%| F|  |TAMS 0x0000000749a00000, 0x0000000749a00000| Untracked 
|  51|0x0000000749c00000, 0x0000000749c00000, 0x0000000749e00000|  0%| F|  |TAMS 0x0000000749c00000, 0x0000000749c00000| Untracked 
|  52|0x0000000749e00000, 0x0000000749e00000, 0x000000074a000000|  0%| F|  |TAMS 0x0000000749e00000, 0x0000000749e00000| Untracked 
|  53|0x000000074a000000, 0x000000074a000000, 0x000000074a200000|  0%| F|  |TAMS 0x000000074a000000, 0x000000074a000000| Untracked 
|  54|0x000000074a200000, 0x000000074a200000, 0x000000074a400000|  0%| F|  |TAMS 0x000000074a200000, 0x000000074a200000| Untracked 
|  55|0x000000074a400000, 0x000000074a400000, 0x000000074a600000|  0%| F|  |TAMS 0x000000074a400000, 0x000000074a400000| Untracked 
|  56|0x000000074a600000, 0x000000074a600000, 0x000000074a800000|  0%| F|  |TAMS 0x000000074a600000, 0x000000074a600000| Untracked 
|  57|0x000000074a800000, 0x000000074a800000, 0x000000074aa00000|  0%| F|  |TAMS 0x000000074a800000, 0x000000074a800000| Untracked 
|  58|0x000000074aa00000, 0x000000074aa00000, 0x000000074ac00000|  0%| F|  |TAMS 0x000000074aa00000, 0x000000074aa00000| Untracked 
|  59|0x000000074ac00000, 0x000000074ac00000, 0x000000074ae00000|  0%| F|  |TAMS 0x000000074ac00000, 0x000000074ac00000| Untracked 
|  60|0x000000074ae00000, 0x000000074ae00000, 0x000000074b000000|  0%| F|  |TAMS 0x000000074ae00000, 0x000000074ae00000| Untracked 
|  61|0x000000074b000000, 0x000000074b000000, 0x000000074b200000|  0%| F|  |TAMS 0x000000074b000000, 0x000000074b000000| Untracked 
|  62|0x000000074b200000, 0x000000074b200000, 0x000000074b400000|  0%| F|  |TAMS 0x000000074b200000, 0x000000074b200000| Untracked 
|  63|0x000000074b400000, 0x000000074b400000, 0x000000074b600000|  0%| F|  |TAMS 0x000000074b400000, 0x000000074b400000| Untracked 
|  64|0x000000074b600000, 0x000000074b600000, 0x000000074b800000|  0%| F|  |TAMS 0x000000074b600000, 0x000000074b600000| Untracked 
|  65|0x000000074b800000, 0x000000074b800000, 0x000000074ba00000|  0%| F|  |TAMS 0x000000074b800000, 0x000000074b800000| Untracked 
|  66|0x000000074ba00000, 0x000000074ba00000, 0x000000074bc00000|  0%| F|  |TAMS 0x000000074ba00000, 0x000000074ba00000| Untracked 
|  67|0x000000074bc00000, 0x000000074bc00000, 0x000000074be00000|  0%| F|  |TAMS 0x000000074bc00000, 0x000000074bc00000| Untracked 
|  68|0x000000074be00000, 0x000000074be00000, 0x000000074c000000|  0%| F|  |TAMS 0x000000074be00000, 0x000000074be00000| Untracked 
|  69|0x000000074c000000, 0x000000074c000000, 0x000000074c200000|  0%| F|  |TAMS 0x000000074c000000, 0x000000074c000000| Untracked 
|  70|0x000000074c200000, 0x000000074c200000, 0x000000074c400000|  0%| F|  |TAMS 0x000000074c200000, 0x000000074c200000| Untracked 
|  71|0x000000074c400000, 0x000000074c400000, 0x000000074c600000|  0%| F|  |TAMS 0x000000074c400000, 0x000000074c400000| Untracked 
|  72|0x000000074c600000, 0x000000074c600000, 0x000000074c800000|  0%| F|  |TAMS 0x000000074c600000, 0x000000074c600000| Untracked 
|  73|0x000000074c800000, 0x000000074c800000, 0x000000074ca00000|  0%| F|  |TAMS 0x000000074c800000, 0x000000074c800000| Untracked 
|  74|0x000000074ca00000, 0x000000074ca00000, 0x000000074cc00000|  0%| F|  |TAMS 0x000000074ca00000, 0x000000074ca00000| Untracked 
|  75|0x000000074cc00000, 0x000000074cc00000, 0x000000074ce00000|  0%| F|  |TAMS 0x000000074cc00000, 0x000000074cc00000| Untracked 
|  76|0x000000074ce00000, 0x000000074ce00000, 0x000000074d000000|  0%| F|  |TAMS 0x000000074ce00000, 0x000000074ce00000| Untracked 
|  77|0x000000074d000000, 0x000000074d000000, 0x000000074d200000|  0%| F|  |TAMS 0x000000074d000000, 0x000000074d000000| Untracked 
|  78|0x000000074d200000, 0x000000074d200000, 0x000000074d400000|  0%| F|  |TAMS 0x000000074d200000, 0x000000074d200000| Untracked 
|  79|0x000000074d400000, 0x000000074d400000, 0x000000074d600000|  0%| F|  |TAMS 0x000000074d400000, 0x000000074d400000| Untracked 
|  80|0x000000074d600000, 0x000000074d600000, 0x000000074d800000|  0%| F|  |TAMS 0x000000074d600000, 0x000000074d600000| Untracked 
|  81|0x000000074d800000, 0x000000074d800000, 0x000000074da00000|  0%| F|  |TAMS 0x000000074d800000, 0x000000074d800000| Untracked 
|  82|0x000000074da00000, 0x000000074da00000, 0x000000074dc00000|  0%| F|  |TAMS 0x000000074da00000, 0x000000074da00000| Untracked 
|  83|0x000000074dc00000, 0x000000074dc00000, 0x000000074de00000|  0%| F|  |TAMS 0x000000074dc00000, 0x000000074dc00000| Untracked 
|  84|0x000000074de00000, 0x000000074de00000, 0x000000074e000000|  0%| F|  |TAMS 0x000000074de00000, 0x000000074de00000| Untracked 
|  85|0x000000074e000000, 0x000000074e000000, 0x000000074e200000|  0%| F|  |TAMS 0x000000074e000000, 0x000000074e000000| Untracked 
|  86|0x000000074e200000, 0x000000074e200000, 0x000000074e400000|  0%| F|  |TAMS 0x000000074e200000, 0x000000074e200000| Untracked 
|  87|0x000000074e400000, 0x000000074e400000, 0x000000074e600000|  0%| F|  |TAMS 0x000000074e400000, 0x000000074e400000| Untracked 
|  88|0x000000074e600000, 0x000000074e600000, 0x000000074e800000|  0%| F|  |TAMS 0x000000074e600000, 0x000000074e600000| Untracked 
|  89|0x000000074e800000, 0x000000074e800000, 0x000000074ea00000|  0%| F|  |TAMS 0x000000074e800000, 0x000000074e800000| Untracked 
|  90|0x000000074ea00000, 0x000000074ea00000, 0x000000074ec00000|  0%| F|  |TAMS 0x000000074ea00000, 0x000000074ea00000| Untracked 
|  91|0x000000074ec00000, 0x000000074ec00000, 0x000000074ee00000|  0%| F|  |TAMS 0x000000074ec00000, 0x000000074ec00000| Untracked 
|  92|0x000000074ee00000, 0x000000074ee00000, 0x000000074f000000|  0%| F|  |TAMS 0x000000074ee00000, 0x000000074ee00000| Untracked 
|  93|0x000000074f000000, 0x000000074f000000, 0x000000074f200000|  0%| F|  |TAMS 0x000000074f000000, 0x000000074f000000| Untracked 
|  94|0x000000074f200000, 0x000000074f200000, 0x000000074f400000|  0%| F|  |TAMS 0x000000074f200000, 0x000000074f200000| Untracked 

Card table byte_map: [0x00000241249f0000,0x0000024124fe0000] _byte_map_base: 0x0000024120fd5000

Marking Bits (Prev, Next): (CMBitMap*) 0x000002410d8c1020, (CMBitMap*) 0x000002410d8c0fe0
 Prev Bits: [0x0000024128500000, 0x000002412b428000)
 Next Bits: [0x00000241255d0000, 0x00000241284f8000)

Polling page: 0x000002410b810000

Metaspace:

Usage:
  Non-class:     37.33 MB used.
      Class:      5.16 MB used.
       Both:     42.48 MB used.

Virtual space:
  Non-class space:       40.00 MB reserved,      37.50 MB ( 94%) committed,  5 nodes.
      Class space:        1.00 GB reserved,       5.31 MB ( <1%) committed,  1 nodes.
             Both:        1.04 GB reserved,      42.81 MB (  4%) committed. 

Chunk freelists:
   Non-Class:  2.20 MB
       Class:  2.61 MB
        Both:  4.81 MB

MaxMetaspaceSize: unlimited
CompressedClassSpaceSize: 1.00 GB
Initial GC threshold: 21.00 MB
Current GC threshold: 70.62 MB
CDS: on
MetaspaceReclaimPolicy: balanced
 - commit_granule_bytes: 65536.
 - commit_granule_words: 8192.
 - virtual_space_node_default_size: 1048576.
 - enlarge_chunks_in_place: 1.
 - new_chunks_are_fully_committed: 0.
 - uncommit_free_chunks: 1.
 - use_allocation_guard: 0.
 - handle_deallocations: 1.


Internal statistics:

num_allocs_failed_limit: 6.
num_arena_births: 238.
num_arena_deaths: 0.
num_vsnodes_births: 6.
num_vsnodes_deaths: 0.
num_space_committed: 683.
num_space_uncommitted: 0.
num_chunks_returned_to_freelist: 6.
num_chunks_taken_from_freelist: 1730.
num_chunk_merges: 6.
num_chunk_splits: 1390.
num_chunks_enlarged: 1227.
num_purges: 0.
num_inconsistent_stats: 0.

CodeHeap 'non-profiled nmethods': size=120000Kb used=2812Kb max_used=3231Kb free=117188Kb
 bounds [0x000002411cba0000, 0x000002411ced0000, 0x00000241240d0000]
CodeHeap 'profiled nmethods': size=120000Kb used=9752Kb max_used=11947Kb free=110247Kb
 bounds [0x0000024115670000, 0x0000024116220000, 0x000002411cba0000]
CodeHeap 'non-nmethods': size=5760Kb used=1296Kb max_used=1361Kb free=4463Kb
 bounds [0x00000241150d0000, 0x0000024115340000, 0x0000024115670000]
 total_blobs=5213 nmethods=4612 adapters=512
 compilation: enabled
              stopped_count=0, restarted_count=0
 full_count=0

Compilation events (20 events):
Event: 25.222 Thread 0x000002412de70fe0 nmethod 5378 0x000002411ccde810 code [0x000002411ccde980, 0x000002411ccdeb78]
Event: 25.222 Thread 0x000002412de70fe0 5402       4       org.jetbrains.kotlin.com.intellij.psi.impl.source.tree.LeafElement::getTextLength (10 bytes)
Event: 25.223 Thread 0x000002412de70fe0 nmethod 5402 0x000002411cdb4390 code [0x000002411cdb4520, 0x000002411cdb45f8]
Event: 25.223 Thread 0x000002412de70fe0 5421       4       kotlin.collections.MapsKt__MapsJVMKt::mapCapacity (40 bytes)
Event: 25.224 Thread 0x000002412de70fe0 nmethod 5421 0x000002411cc7a890 code [0x000002411cc7aa40, 0x000002411cc7aaf8]
Event: 25.224 Thread 0x000002412de70fe0 5392       4       java.util.ArrayList::grow (60 bytes)
Event: 25.231 Thread 0x000002412de70fe0 nmethod 5392 0x000002411cbcad90 code [0x000002411cbcaf20, 0x000002411cbcb578]
Event: 25.231 Thread 0x000002412de70fe0 5418       4       org.jetbrains.kotlin.protobuf.RopeByteString::concatenate (235 bytes)
Event: 25.232 Thread 0x000002412de70fe0 nmethod 5418 0x000002411cce8490 code [0x000002411cce8620, 0x000002411cce8718]
Event: 25.232 Thread 0x000002412de70fe0 5391       4       org.jetbrains.kotlin.metadata.ProtoBuf$Function$1::parsePartialFrom (7 bytes)
Event: 25.235 Thread 0x000002412de70fe0 nmethod 5391 0x000002411ccfee10 code [0x000002411ccfefa0, 0x000002411ccff108]
Event: 25.235 Thread 0x000002412de71a80 5467       1       java.lang.Enum::name (5 bytes)
Event: 25.236 Thread 0x000002412de71a80 nmethod 5467 0x000002411cce8190 code [0x000002411cce8320, 0x000002411cce83f8]
Event: 25.243 Thread 0x000002412f0e8ff0 nmethod 5405 0x000002411cd5d890 code [0x000002411cd5df00, 0x000002411cd61278]
Event: 25.251 Thread 0x000002412de70fe0 5468       4       java.lang.reflect.AccessibleObject::checkAccess (40 bytes)
Event: 25.251 Thread 0x000002412f0e8ff0 5469       4       java.lang.reflect.AccessibleObject::verifyAccess (55 bytes)
Event: 25.285 Thread 0x000002412de71a80 5470       3       org.jetbrains.kotlin.resolve.lazy.declarations.AbstractDeclarationProviderFactory::getPackageMemberDeclarationProvider (32 bytes)
Event: 25.286 Thread 0x000002412de71a80 nmethod 5470 0x0000024115e3eb10 code [0x0000024115e3ed20, 0x0000024115e3f488]
Event: 25.286 Thread 0x000002412de71a80 5471       3       org.jetbrains.kotlin.resolve.jvm.KotlinJavaPsiFacade::finders (30 bytes)
Event: 25.286 Thread 0x000002412de71a80 nmethod 5471 0x00000241156c5710 code [0x00000241156c58c0, 0x00000241156c5b38]

GC Heap History (20 events):
Event: 19.003 GC heap after
{Heap after GC invocations=8 (full 0):
 garbage-first heap   total 75776K, used 33928K [0x0000000743600000, 0x0000000800000000)
  region size 2048K, 2 young (4096K), 2 survivors (4096K)
 Metaspace       used 33367K, committed 33664K, reserved 1081344K
  class space    used 4264K, committed 4416K, reserved 1048576K
}
Event: 19.655 GC heap before
{Heap before GC invocations=8 (full 0):
 garbage-first heap   total 75776K, used 44168K [0x0000000743600000, 0x0000000800000000)
  region size 2048K, 8 young (16384K), 2 survivors (4096K)
 Metaspace       used 35712K, committed 35968K, reserved 1081344K
  class space    used 4517K, committed 4672K, reserved 1048576K
}
Event: 19.663 GC heap after
{Heap after GC invocations=9 (full 0):
 garbage-first heap   total 75776K, used 34768K [0x0000000743600000, 0x0000000800000000)
  region size 2048K, 1 young (2048K), 1 survivors (2048K)
 Metaspace       used 35712K, committed 35968K, reserved 1081344K
  class space    used 4517K, committed 4672K, reserved 1048576K
}
Event: 20.555 GC heap before
{Heap before GC invocations=10 (full 0):
 garbage-first heap   total 75776K, used 45008K [0x0000000743600000, 0x0000000800000000)
  region size 2048K, 7 young (14336K), 1 survivors (2048K)
 Metaspace       used 37868K, committed 38144K, reserved 1089536K
  class space    used 4754K, committed 4864K, reserved 1048576K
}
Event: 20.565 GC heap after
{Heap after GC invocations=11 (full 0):
 garbage-first heap   total 75776K, used 36538K [0x0000000743600000, 0x0000000800000000)
  region size 2048K, 2 young (4096K), 2 survivors (4096K)
 Metaspace       used 37868K, committed 38144K, reserved 1089536K
  class space    used 4754K, committed 4864K, reserved 1048576K
}
Event: 21.329 GC heap before
{Heap before GC invocations=12 (full 0):
 garbage-first heap   total 75776K, used 57018K [0x0000000743600000, 0x0000000800000000)
  region size 2048K, 11 young (22528K), 2 survivors (4096K)
 Metaspace       used 39464K, committed 39744K, reserved 1089536K
  class space    used 4912K, committed 5056K, reserved 1048576K
}
Event: 21.341 GC heap after
{Heap after GC invocations=13 (full 0):
 garbage-first heap   total 75776K, used 41406K [0x0000000743600000, 0x0000000800000000)
  region size 2048K, 2 young (4096K), 2 survivors (4096K)
 Metaspace       used 39464K, committed 39744K, reserved 1089536K
  class space    used 4912K, committed 5056K, reserved 1048576K
}
Event: 21.649 GC heap before
{Heap before GC invocations=13 (full 0):
 garbage-first heap   total 75776K, used 55742K [0x0000000743600000, 0x0000000800000000)
  region size 2048K, 10 young (20480K), 2 survivors (4096K)
 Metaspace       used 39591K, committed 39936K, reserved 1089536K
  class space    used 4918K, committed 5056K, reserved 1048576K
}
Event: 21.661 GC heap after
{Heap after GC invocations=14 (full 0):
 garbage-first heap   total 75776K, used 45699K [0x0000000743600000, 0x0000000800000000)
  region size 2048K, 2 young (4096K), 2 survivors (4096K)
 Metaspace       used 39591K, committed 39936K, reserved 1089536K
  class space    used 4918K, committed 5056K, reserved 1048576K
}
Event: 21.742 GC heap before
{Heap before GC invocations=15 (full 0):
 garbage-first heap   total 90112K, used 57987K [0x0000000743600000, 0x0000000800000000)
  region size 2048K, 8 young (16384K), 2 survivors (4096K)
 Metaspace       used 39633K, committed 39936K, reserved 1089536K
  class space    used 4918K, committed 5056K, reserved 1048576K
}
Event: 21.745 GC heap after
{Heap after GC invocations=16 (full 0):
 garbage-first heap   total 108544K, used 44101K [0x0000000743600000, 0x0000000800000000)
  region size 2048K, 1 young (2048K), 1 survivors (2048K)
 Metaspace       used 39633K, committed 39936K, reserved 1089536K
  class space    used 4918K, committed 5056K, reserved 1048576K
}
Event: 23.392 GC heap before
{Heap before GC invocations=16 (full 0):
 garbage-first heap   total 108544K, used 80965K [0x0000000743600000, 0x0000000800000000)
  region size 2048K, 19 young (38912K), 1 survivors (2048K)
 Metaspace       used 43032K, committed 43328K, reserved 1089536K
  class space    used 5245K, committed 5376K, reserved 1048576K
}
Event: 23.411 GC heap after
{Heap after GC invocations=17 (full 0):
 garbage-first heap   total 108544K, used 46717K [0x0000000743600000, 0x0000000800000000)
  region size 2048K, 3 young (6144K), 3 survivors (6144K)
 Metaspace       used 43032K, committed 43328K, reserved 1089536K
  class space    used 5245K, committed 5376K, reserved 1048576K
}
Event: 23.992 GC heap before
{Heap before GC invocations=17 (full 0):
 garbage-first heap   total 108544K, used 83581K [0x0000000743600000, 0x0000000800000000)
  region size 2048K, 20 young (40960K), 3 survivors (6144K)
 Metaspace       used 43086K, committed 43392K, reserved 1089536K
  class space    used 5246K, committed 5376K, reserved 1048576K
}
Event: 24.008 GC heap after
{Heap after GC invocations=18 (full 0):
 garbage-first heap   total 108544K, used 51625K [0x0000000743600000, 0x0000000800000000)
  region size 2048K, 2 young (4096K), 2 survivors (4096K)
 Metaspace       used 43086K, committed 43392K, reserved 1089536K
  class space    used 5246K, committed 5376K, reserved 1048576K
}
Event: 24.525 GC heap before
{Heap before GC invocations=18 (full 0):
 garbage-first heap   total 108544K, used 82345K [0x0000000743600000, 0x0000000800000000)
  region size 2048K, 17 young (34816K), 2 survivors (4096K)
 Metaspace       used 43086K, committed 43392K, reserved 1089536K
  class space    used 5246K, committed 5376K, reserved 1048576K
}
Event: 24.532 GC heap after
{Heap after GC invocations=19 (full 0):
 garbage-first heap   total 108544K, used 53139K [0x0000000743600000, 0x0000000800000000)
  region size 2048K, 3 young (6144K), 3 survivors (6144K)
 Metaspace       used 43086K, committed 43392K, reserved 1089536K
  class space    used 5246K, committed 5376K, reserved 1048576K
}
Event: 24.657 GC heap before
{Heap before GC invocations=20 (full 0):
 garbage-first heap   total 110592K, used 83859K [0x0000000743600000, 0x0000000800000000)
  region size 2048K, 18 young (36864K), 3 survivors (6144K)
 Metaspace       used 43105K, committed 43392K, reserved 1089536K
  class space    used 5247K, committed 5376K, reserved 1048576K
}
Event: 24.669 GC heap after
{Heap after GC invocations=21 (full 0):
 garbage-first heap   total 110592K, used 56715K [0x0000000743600000, 0x0000000800000000)
  region size 2048K, 3 young (6144K), 3 survivors (6144K)
 Metaspace       used 43105K, committed 43392K, reserved 1089536K
  class space    used 5247K, committed 5376K, reserved 1048576K
}
Event: 25.290 GC heap before
{Heap before GC invocations=21 (full 0):
 garbage-first heap   total 110592K, used 83339K [0x0000000743600000, 0x0000000800000000)
  region size 2048K, 17 young (34816K), 3 survivors (6144K)
 Metaspace       used 43504K, committed 43840K, reserved 1089536K
  class space    used 5279K, committed 5440K, reserved 1048576K
}

Deoptimization events (20 events):
Event: 25.111 Thread 0x000002410b7aa7e0 DEOPT PACKING pc=0x000002411ce1a9c4 sp=0x000000f2052fc5a0
Event: 25.111 Thread 0x000002410b7aa7e0 DEOPT UNPACKING pc=0x0000024115125c23 sp=0x000000f2052fc310 mode 2
Event: 25.120 Thread 0x000002410b7aa7e0 DEOPT PACKING pc=0x0000024115aa6a47 sp=0x000000f2052fce40
Event: 25.120 Thread 0x000002410b7aa7e0 DEOPT UNPACKING pc=0x0000024115126763 sp=0x000000f2052fc308 mode 0
Event: 25.284 Thread 0x000002410b7aa7e0 Uncommon trap: trap_request=0xffffffde fr.pc=0x000002411cdcdbf0 relative=0x00000000000025d0
Event: 25.284 Thread 0x000002410b7aa7e0 Uncommon trap: reason=class_check action=maybe_recompile pc=0x000002411cdcdbf0 method=org.jetbrains.kotlin.serialization.deserialization.descriptors.DeserializedPackageMemberScope.hasClass(Lorg/jetbrains/kotlin/name/Name;)Z @ 79 c2
Event: 25.284 Thread 0x000002410b7aa7e0 DEOPT PACKING pc=0x000002411cdcdbf0 sp=0x000000f2052fbf60
Event: 25.284 Thread 0x000002410b7aa7e0 DEOPT UNPACKING pc=0x0000024115125c23 sp=0x000000f2052fbe40 mode 2
Event: 25.285 Thread 0x000002410b7aa7e0 Uncommon trap: trap_request=0xffffffc6 fr.pc=0x000002411cdcd768 relative=0x0000000000002148
Event: 25.285 Thread 0x000002410b7aa7e0 Uncommon trap: reason=bimorphic_or_optimized_type_check action=maybe_recompile pc=0x000002411cdcd768 method=org.jetbrains.kotlin.serialization.deserialization.descriptors.DeserializedPackageMemberScope.hasClass(Lorg/jetbrains/kotlin/name/Name;)Z @ 38 c2
Event: 25.285 Thread 0x000002410b7aa7e0 DEOPT PACKING pc=0x000002411cdcd768 sp=0x000000f2052fbf60
Event: 25.285 Thread 0x000002410b7aa7e0 DEOPT UNPACKING pc=0x0000024115125c23 sp=0x000000f2052fbe40 mode 2
Event: 25.286 Thread 0x000002410b7aa7e0 Uncommon trap: trap_request=0xffffffde fr.pc=0x000002411cdcdbf0 relative=0x00000000000025d0
Event: 25.286 Thread 0x000002410b7aa7e0 Uncommon trap: reason=class_check action=maybe_recompile pc=0x000002411cdcdbf0 method=org.jetbrains.kotlin.serialization.deserialization.descriptors.DeserializedPackageMemberScope.hasClass(Lorg/jetbrains/kotlin/name/Name;)Z @ 79 c2
Event: 25.286 Thread 0x000002410b7aa7e0 DEOPT PACKING pc=0x000002411cdcdbf0 sp=0x000000f2052fbf60
Event: 25.286 Thread 0x000002410b7aa7e0 DEOPT UNPACKING pc=0x0000024115125c23 sp=0x000000f2052fbe40 mode 2
Event: 25.286 Thread 0x000002410b7aa7e0 Uncommon trap: trap_request=0xffffffc6 fr.pc=0x000002411cdcd768 relative=0x0000000000002148
Event: 25.286 Thread 0x000002410b7aa7e0 Uncommon trap: reason=bimorphic_or_optimized_type_check action=maybe_recompile pc=0x000002411cdcd768 method=org.jetbrains.kotlin.serialization.deserialization.descriptors.DeserializedPackageMemberScope.hasClass(Lorg/jetbrains/kotlin/name/Name;)Z @ 38 c2
Event: 25.286 Thread 0x000002410b7aa7e0 DEOPT PACKING pc=0x000002411cdcd768 sp=0x000000f2052fbf60
Event: 25.286 Thread 0x000002410b7aa7e0 DEOPT UNPACKING pc=0x0000024115125c23 sp=0x000000f2052fbe40 mode 2

Classes unloaded (0 events):
No events

Classes redefined (0 events):
No events

Internal exceptions (20 events):
Event: 6.442 Thread 0x000002410b7aa7e0 Exception <a 'java/lang/NoSuchMethodError'{0x000000074d4976f0}: 'java.lang.Object java.lang.invoke.DirectMethodHandle$Holder.invokeStaticInit(java.lang.Object)'> (0x000000074d4976f0) 
thrown [t:\workspace\open\src\hotspot\share\interpreter\linkResolver.cpp, line 766]
Event: 7.579 Thread 0x000002410b7aa7e0 Exception <a 'java/lang/NoSuchMethodError'{0x000000074f38ec00}: 'java.lang.Object java.lang.invoke.DirectMethodHandle$Holder.invokeStaticInit(java.lang.Object, int)'> (0x000000074f38ec00) 
thrown [t:\workspace\open\src\hotspot\share\interpreter\linkResolver.cpp, line 766]
Event: 7.591 Thread 0x000002410b7aa7e0 Exception <a 'java/lang/NoSuchMethodError'{0x000000074f00e9e0}: 'void java.lang.invoke.DirectMethodHandle$Holder.invokeStatic(java.lang.Object, java.lang.Object)'> (0x000000074f00e9e0) 
thrown [t:\workspace\open\src\hotspot\share\interpreter\linkResolver.cpp, line 766]
Event: 7.632 Thread 0x000002410b7aa7e0 Exception <a 'java/lang/NoSuchMethodError'{0x000000074f144ef8}: 'long java.lang.invoke.DirectMethodHandle$Holder.invokeStatic(java.lang.Object)'> (0x000000074f144ef8) 
thrown [t:\workspace\open\src\hotspot\share\interpreter\linkResolver.cpp, line 766]
Event: 7.633 Thread 0x000002410b7aa7e0 Exception <a 'java/lang/NoSuchMethodError'{0x000000074f148650}: 'long java.lang.invoke.DirectMethodHandle$Holder.invokeStaticInit(java.lang.Object)'> (0x000000074f148650) 
thrown [t:\workspace\open\src\hotspot\share\interpreter\linkResolver.cpp, line 766]
Event: 7.818 Thread 0x000002410b7aa7e0 Exception <a 'java/lang/NoSuchMethodError'{0x000000074ed3a210}: 'int java.lang.invoke.DirectMethodHandle$Holder.invokeStaticInit(java.lang.Object, java.lang.Object, java.lang.Object)'> (0x000000074ed3a210) 
thrown [t:\workspace\open\src\hotspot\share\interpreter\linkResolver.cpp, line 766]
Event: 7.826 Thread 0x000002410b7aa7e0 Exception <a 'java/lang/NoSuchMethodError'{0x000000074ed61448}: 'int java.lang.invoke.DirectMethodHandle$Holder.invokeStaticInit(java.lang.Object, java.lang.Object)'> (0x000000074ed61448) 
thrown [t:\workspace\open\src\hotspot\share\interpreter\linkResolver.cpp, line 766]
Event: 7.927 Thread 0x000002410b7aa7e0 Exception <a 'java/lang/NoSuchMethodError'{0x000000074ea36118}: 'void java.lang.invoke.DirectMethodHandle$Holder.invokeSpecial(java.lang.Object, java.lang.Object, java.lang.Object)'> (0x000000074ea36118) 
thrown [t:\workspace\open\src\hotspot\share\interpreter\linkResolver.cpp, line 766]
Event: 8.341 Thread 0x000002410b7aa7e0 Exception <a 'java/lang/NoSuchMethodError'{0x000000074e972ae8}: 'java.lang.Object java.lang.invoke.DirectMethodHandle$Holder.invokeInterface(java.lang.Object, java.lang.Object)'> (0x000000074e972ae8) 
thrown [t:\workspace\open\src\hotspot\share\interpreter\linkResolver.cpp, line 766]
Event: 8.665 Thread 0x000002410b7aa7e0 Exception <a 'java/lang/NoSuchMethodError'{0x000000074e1c68f0}: 'void java.lang.invoke.DirectMethodHandle$Holder.invokeStatic(java.lang.Object, java.lang.Object, java.lang.Object, java.lang.Object)'> (0x000000074e1c68f0) 
thrown [t:\workspace\open\src\hotspot\share\interpreter\linkResolver.cpp, line 766]
Event: 8.944 Thread 0x000002410b7aa7e0 Exception <a 'java/lang/NoSuchMethodError'{0x000000074dd7a600}: 'void java.lang.invoke.DirectMethodHandle$Holder.invokeStaticInit(java.lang.Object, java.lang.Object)'> (0x000000074dd7a600) 
thrown [t:\workspace\open\src\hotspot\share\interpreter\linkResolver.cpp, line 766]
Event: 9.681 Thread 0x000002410b7aa7e0 Exception <a 'java/lang/NoSuchMethodError'{0x00000007474622d0}: 'void java.lang.invoke.DirectMethodHandle$Holder.invokeVirtual(java.lang.Object, java.lang.Object)'> (0x00000007474622d0) 
thrown [t:\workspace\open\src\hotspot\share\interpreter\linkResolver.cpp, line 766]
Event: 9.718 Thread 0x000002410b7aa7e0 Exception <a 'java/lang/NoSuchMethodError'{0x00000007474eb538}: 'int java.lang.invoke.DirectMethodHandle$Holder.invokeVirtual(java.lang.Object, java.lang.Object)'> (0x00000007474eb538) 
thrown [t:\workspace\open\src\hotspot\share\interpreter\linkResolver.cpp, line 766]
Event: 9.760 Thread 0x000002410b7aa7e0 Exception <a 'java/lang/NoSuchMethodError'{0x0000000747240670}: 'java.lang.Object java.lang.invoke.Invokers$Holder.invokeExact_MT(java.lang.Object, java.lang.Object, java.lang.Object, java.lang.Object, java.lang.Object, java.lang.Object)'> (0x0000000747240670) 
thrown [t:\workspace\open\src\hotspot\share\interpreter\linkResolver.cpp, line 766]
Event: 16.769 Thread 0x000002410b7aa7e0 Exception <a 'java/lang/NoSuchMethodError'{0x0000000747227fe0}: 'java.lang.Object java.lang.invoke.DirectMethodHandle$Holder.invokeVirtual(java.lang.Object, java.lang.Object, java.lang.Object)'> (0x0000000747227fe0) 
thrown [t:\workspace\open\src\hotspot\share\interpreter\linkResolver.cpp, line 766]
Event: 19.721 Thread 0x000002410b7aa7e0 Exception <a 'java/lang/NoSuchMethodError'{0x000000074f30ba30}: 'java.lang.Object java.lang.invoke.DirectMethodHandle$Holder.newInvokeSpecial(java.lang.Object, java.lang.Object, int)'> (0x000000074f30ba30) 
thrown [t:\workspace\open\src\hotspot\share\interpreter\linkResolver.cpp, line 766]
Event: 19.943 Thread 0x000002410b7aa7e0 Implicit null exception at 0x000002411cd4124c to 0x000002411cd41334
Event: 21.862 Thread 0x000002410b7aa7e0 Exception <a 'java/lang/NoSuchMethodError'{0x000000074f3fb240}: 'java.lang.Object java.lang.invoke.DirectMethodHandle$Holder.newInvokeSpecial(java.lang.Object, java.lang.Object, java.lang.Object, int)'> (0x000000074f3fb240) 
thrown [t:\workspace\open\src\hotspot\share\interpreter\linkResolver.cpp, line 766]
Event: 21.863 Thread 0x000002410b7aa7e0 Exception <a 'java/lang/NoSuchMethodError'{0x000000074f3ff8c8}: 'java.lang.Object java.lang.invoke.DirectMethodHandle$Holder.invokeSpecial(java.lang.Object, java.lang.Object, java.lang.Object, java.lang.Object, int)'> (0x000000074f3ff8c8) 
thrown [t:\workspace\open\src\hotspot\share\interpreter\linkResolver.cpp, line 766]
Event: 21.863 Thread 0x000002410b7aa7e0 Exception <a 'java/lang/NoSuchMethodError'{0x000000074d404208}: 'java.lang.Object java.lang.invoke.Invokers$Holder.linkToTargetMethod(java.lang.Object, java.lang.Object, int, java.lang.Object)'> (0x000000074d404208) 
thrown [t:\workspace\open\src\hotspot\share\interpreter\linkResolver.cpp, line 766]

VM Operations (20 events):
Event: 22.977 Executing VM operation: ICBufferFull done
Event: 23.392 Executing VM operation: G1CollectForAllocation
Event: 23.411 Executing VM operation: G1CollectForAllocation done
Event: 23.992 Executing VM operation: G1CollectForAllocation
Event: 24.008 Executing VM operation: G1CollectForAllocation done
Event: 24.525 Executing VM operation: G1CollectForAllocation
Event: 24.532 Executing VM operation: G1CollectForAllocation done
Event: 24.582 Executing VM operation: G1Concurrent
Event: 24.590 Executing VM operation: G1Concurrent done
Event: 24.611 Executing VM operation: G1Concurrent
Event: 24.611 Executing VM operation: G1Concurrent done
Event: 24.657 Executing VM operation: G1CollectForAllocation
Event: 24.669 Executing VM operation: G1CollectForAllocation done
Event: 24.933 Executing VM operation: HandshakeAllThreads
Event: 24.933 Executing VM operation: HandshakeAllThreads done
Event: 24.992 Executing VM operation: HandshakeAllThreads
Event: 24.992 Executing VM operation: HandshakeAllThreads done
Event: 25.015 Executing VM operation: HandshakeAllThreads
Event: 25.016 Executing VM operation: HandshakeAllThreads done
Event: 25.289 Executing VM operation: G1TryInitiateConcMark

Events (20 events):
Event: 25.022 Thread 0x000002412de770b0 flushing nmethod 0x0000024115f15410
Event: 25.022 Thread 0x000002412de770b0 flushing nmethod 0x0000024115f15f10
Event: 25.022 Thread 0x000002412de770b0 flushing nmethod 0x0000024115f18490
Event: 25.022 Thread 0x000002412de770b0 flushing nmethod 0x0000024115f19f10
Event: 25.022 Thread 0x000002412de770b0 flushing nmethod 0x0000024115f1df10
Event: 25.022 Thread 0x000002412de770b0 flushing nmethod 0x0000024115f63e90
Event: 25.022 Thread 0x000002412de770b0 flushing nmethod 0x0000024115fb1d90
Event: 25.023 Thread 0x000002412de770b0 flushing nmethod 0x0000024115fb5a10
Event: 25.023 Thread 0x000002412de770b0 flushing nmethod 0x0000024115fbb890
Event: 25.023 Thread 0x000002412de770b0 flushing nmethod 0x0000024115fbc810
Event: 25.023 Thread 0x000002412de770b0 flushing nmethod 0x0000024115fc2790
Event: 25.023 Thread 0x000002412de770b0 flushing nmethod 0x0000024115ff2410
Event: 25.023 Thread 0x000002412de770b0 flushing nmethod 0x0000024116016490
Event: 25.023 Thread 0x000002412de770b0 flushing nmethod 0x0000024116034710
Event: 25.023 Thread 0x000002412de770b0 flushing nmethod 0x000002411606f190
Event: 25.023 Thread 0x000002412de770b0 flushing nmethod 0x00000241160a0f90
Event: 25.024 Thread 0x000002412de770b0 flushing nmethod 0x0000024116158b10
Event: 25.024 Thread 0x000002412de770b0 flushing nmethod 0x0000024116176510
Event: 25.024 Thread 0x000002412de770b0 flushing nmethod 0x00000241161a7110
Event: 25.024 Thread 0x000002412de770b0 flushing nmethod 0x00000241161a7790


Dynamic libraries:
0x00007ff6deb90000 - 0x00007ff6deba0000 	E:\jdk\bin\java.exe
0x00007ffe5e7d0000 - 0x00007ffe5e9e4000 	C:\WINDOWS\SYSTEM32\ntdll.dll
0x00007ffe5cc60000 - 0x00007ffe5cd23000 	C:\WINDOWS\System32\KERNEL32.DLL
0x00007ffe5c040000 - 0x00007ffe5c3dd000 	C:\WINDOWS\System32\KERNELBASE.dll
0x00007ffe5bd10000 - 0x00007ffe5be21000 	C:\WINDOWS\System32\ucrtbase.dll
0x00007ffe2c5d0000 - 0x00007ffe2c5ea000 	E:\jdk\bin\VCRUNTIME140.dll
0x00007ffe2c7b0000 - 0x00007ffe2c7c8000 	E:\jdk\bin\jli.dll
0x00007ffe5cd30000 - 0x00007ffe5cdde000 	C:\WINDOWS\System32\ADVAPI32.dll
0x00007ffe5cde0000 - 0x00007ffe5ce87000 	C:\WINDOWS\System32\msvcrt.dll
0x00007ffe5d030000 - 0x00007ffe5d0d4000 	C:\WINDOWS\System32\sechost.dll
0x00007ffe5cf10000 - 0x00007ffe5d025000 	C:\WINDOWS\System32\RPCRT4.dll
0x00007ffe5c5c0000 - 0x00007ffe5c76d000 	C:\WINDOWS\System32\USER32.dll
0x00007ffe5be30000 - 0x00007ffe5be56000 	C:\WINDOWS\System32\win32u.dll
0x00007ffe5e760000 - 0x00007ffe5e789000 	C:\WINDOWS\System32\GDI32.dll
0x00007ffe5bbf0000 - 0x00007ffe5bd02000 	C:\WINDOWS\System32\gdi32full.dll
0x00007ffe5c520000 - 0x00007ffe5c5ba000 	C:\WINDOWS\System32\msvcp_win.dll
0x00007ffe3a250000 - 0x00007ffe3a4de000 	C:\WINDOWS\WinSxS\amd64_microsoft.windows.common-controls_6595b64144ccf1df_6.0.22621.608_none_a9444ca7c10bb01d\COMCTL32.dll
0x00007ffe56750000 - 0x00007ffe5675a000 	C:\WINDOWS\SYSTEM32\VERSION.dll
0x00007ffe5dc10000 - 0x00007ffe5dc42000 	C:\WINDOWS\System32\IMM32.DLL
0x00007ffe29a00000 - 0x00007ffe29a0c000 	E:\jdk\bin\vcruntime140_1.dll
0x00007ffe28a50000 - 0x00007ffe28add000 	E:\jdk\bin\msvcp140.dll
0x00007ffe26ea0000 - 0x00007ffe27a61000 	E:\jdk\bin\server\jvm.dll
0x00007ffe5dfe0000 - 0x00007ffe5dfe8000 	C:\WINDOWS\System32\PSAPI.DLL
0x00007ffe54820000 - 0x00007ffe54854000 	C:\WINDOWS\SYSTEM32\WINMM.dll
0x00007ffe3bb80000 - 0x00007ffe3bb89000 	C:\WINDOWS\SYSTEM32\WSOCK32.dll
0x00007ffe5ce90000 - 0x00007ffe5cf01000 	C:\WINDOWS\System32\ws2_32.DLL
0x00007ffe5ab70000 - 0x00007ffe5ab88000 	C:\WINDOWS\SYSTEM32\kernel.appcore.dll
0x00007ffe26d30000 - 0x00007ffe26d3a000 	E:\jdk\bin\jimage.dll
0x00007ffe44350000 - 0x00007ffe4457e000 	C:\WINDOWS\SYSTEM32\DBGHELP.DLL
0x00007ffe5e170000 - 0x00007ffe5e4fa000 	C:\WINDOWS\System32\combase.dll
0x00007ffe5e560000 - 0x00007ffe5e637000 	C:\WINDOWS\System32\OLEAUT32.dll
0x00007ffe3f060000 - 0x00007ffe3f092000 	C:\WINDOWS\SYSTEM32\dbgcore.DLL
0x00007ffe5c4a0000 - 0x00007ffe5c51b000 	C:\WINDOWS\System32\bcryptPrimitives.dll
0x00007ffe23090000 - 0x00007ffe230b5000 	E:\jdk\bin\java.dll
0x00007ffe1c510000 - 0x00007ffe1c5e6000 	E:\jdk\bin\jsvml.dll
0x00007ffe5d0e0000 - 0x00007ffe5d8cf000 	C:\WINDOWS\System32\SHELL32.dll
0x00007ffe59a50000 - 0x00007ffe5a318000 	C:\WINDOWS\SYSTEM32\windows.storage.dll
0x00007ffe5a360000 - 0x00007ffe5a49e000 	C:\WINDOWS\SYSTEM32\wintypes.dll
0x00007ffe5db10000 - 0x00007ffe5dc01000 	C:\WINDOWS\System32\SHCORE.dll
0x00007ffe5e500000 - 0x00007ffe5e55e000 	C:\WINDOWS\System32\shlwapi.dll
0x00007ffe5bb20000 - 0x00007ffe5bb41000 	C:\WINDOWS\SYSTEM32\profapi.dll
0x00007ffe2dc70000 - 0x00007ffe2dc89000 	E:\jdk\bin\net.dll
0x00007ffe546f0000 - 0x00007ffe5481f000 	C:\WINDOWS\SYSTEM32\WINHTTP.dll
0x00007ffe5b070000 - 0x00007ffe5b0d9000 	C:\WINDOWS\system32\mswsock.dll
0x00007ffe2ae20000 - 0x00007ffe2ae36000 	E:\jdk\bin\nio.dll
0x00007ffe1b930000 - 0x00007ffe1b948000 	E:\jdk\bin\zip.dll
0x00007ffe218b0000 - 0x00007ffe218c0000 	E:\jdk\bin\verify.dll

dbghelp: loaded successfully - version: 4.0.5 - missing functions: none
symbol engine: initialized successfully - sym options: 0x614 - pdb path: .;E:\jdk\bin;C:\WINDOWS\SYSTEM32;C:\WINDOWS\WinSxS\amd64_microsoft.windows.common-controls_6595b64144ccf1df_6.0.22621.608_none_a9444ca7c10bb01d;E:\jdk\bin\server

VM Arguments:
java_command: org.jetbrains.kotlin.cli.jvm.K2JVMCompiler @F:\Serious Projects\PersonalLifeAdvice\PersonalLIfeLessons\app\build\20230115_12337208505093304968.compiler.options
java_class_path (initial): E:\jdk\caches\modules-2\files-2.1\org.jetbrains.kotlin\kotlin-compiler-embeddable\1.7.20\8db18559a581dd2c36ddfd5046af145650f5b126\kotlin-compiler-embeddable-1.7.20.jar;E:\jdk\caches\modules-2\files-2.1\org.jetbrains.kotlin\kotlin-reflect\1.7.20\12b2501e33bb6373e8e347c86d85481863629381\kotlin-reflect-1.7.20.jar;E:\jdk\caches\modules-2\files-2.1\org.jetbrains.kotlin\kotlin-stdlib\1.7.20\726594ea9ba2beb2ee113647fefa9a10f9fabe52\kotlin-stdlib-1.7.20.jar;E:\jdk\caches\modules-2\files-2.1\org.jetbrains.kotlin\kotlin-script-runtime\1.7.20\bcd1cc6f865e632550357fcc59f5ffd532615a8\kotlin-script-runtime-1.7.20.jar;E:\jdk\caches\modules-2\files-2.1\org.jetbrains.kotlin\kotlin-daemon-embeddable\1.7.20\1e24355adad8d529d75d5b19eab55484057431ba\kotlin-daemon-embeddable-1.7.20.jar;E:\jdk\caches\modules-2\files-2.1\org.jetbrains.intellij.deps\trove4j\1.0.20200330\3afb14d5f9ceb459d724e907a21145e8ff394f02\trove4j-1.0.20200330.jar;E:\jdk\caches\modules-2\files-2.1\net.java.dev.jna\jna\5.6.0\330f2244e9030119ab3030fc3fededc86713d9cc\jna-5.6.0.jar;E:\jdk\caches\modules-2\files-2.1\org.jetbrains.kotlin\kotlin-stdlib-common\1.7.20\e15351bdaf9fa06f009be5da7a202e4184f00ae3\kotlin-stdlib-common-1.7.20.jar;E:\jdk\caches\modules-2\files-2.1\org.jetbrains\annotations\13.0\919f0dfe192fb4e063e7dacadee7f8bb9a2672a9\annotations-13.0.jar
Launcher Type: SUN_STANDARD

[Global flags]
     intx CICompilerCount                          = 4                                         {product} {ergonomic}
     uint ConcGCThreads                            = 2                                         {product} {ergonomic}
     uint G1ConcRefinementThreads                  = 8                                         {product} {ergonomic}
   size_t G1HeapRegionSize                         = 2097152                                   {product} {ergonomic}
    uintx GCDrainStackTargetSize                   = 64                                        {product} {ergonomic}
   size_t InitialHeapSize                          = 199229440                                 {product} {ergonomic}
   size_t MarkStackSize                            = 4194304                                   {product} {ergonomic}
   size_t MaxHeapSize                              = 3164602368                                {product} {ergonomic}
   size_t MaxNewSize                               = 1897922560                                {product} {ergonomic}
   size_t MinHeapDeltaBytes                        = 2097152                                   {product} {ergonomic}
   size_t MinHeapSize                              = 8388608                                   {product} {ergonomic}
    uintx NonNMethodCodeHeapSize                   = 5839372                                {pd product} {ergonomic}
    uintx NonProfiledCodeHeapSize                  = 122909434                              {pd product} {ergonomic}
    uintx ProfiledCodeHeapSize                     = 122909434                              {pd product} {ergonomic}
    uintx ReservedCodeCacheSize                    = 251658240                              {pd product} {ergonomic}
     bool SegmentedCodeCache                       = true                                      {product} {ergonomic}
   size_t SoftMaxHeapSize                          = 3164602368                             {manageable} {ergonomic}
     bool UseCompressedClassPointers               = true                           {product lp64_product} {ergonomic}
     bool UseCompressedOops                        = true                           {product lp64_product} {ergonomic}
     bool UseG1GC                                  = true                                      {product} {ergonomic}
     bool UseLargePagesIndividualAllocation        = false                                  {pd product} {ergonomic}

Logging:
Log output configuration:
 #0: stdout all=warning uptime,level,tags
 #1: stderr all=off uptime,level,tags

Environment Variables:
JAVA_HOME=E:\jdk
PATH=C:\Program Files\Common Files\Oracle\Java\javapath;C:\WINDOWS\system32;C:\WINDOWS;C:\WINDOWS\System32\Wbem;C:\WINDOWS\System32\WindowsPowerShell\v1.0\;C:\WINDOWS\System32\OpenSSH\;C:\Program Files (x86)\Google\Chrome\Application\chrome.exe;C:\ProgramData\chocolatey\bin;E:\Mingw\bin;E:\Git\cmd;C:\Program Files\Microsoft Network Monitor 3\;E:\Python3.10.2\Scripts;C:\Program Files\dotnet\;E:\node\;C:\Program Files\Microsoft SQL Server\150\Tools\Binn\;C:\Program Files\Microsoft SQL Server\Client SDK\ODBC\170\Tools\Binn\;C:\WINDOWS\system32;C:\WINDOWS;C:\WINDOWS\System32\Wbem;C:\WINDOWS\System32\WindowsPowerShell\v1.0\;C:\WINDOWS\System32\OpenSSH\;E:\Flutter sdk\flutter\bin;E:\Go\bin;E:\nvim-win64\nvim-win64\bin;E:\MongoDB\bin;E:\MongoDB\mongosh-1.6.0-win32-x64\bin;C:\Program Files\Docker\Docker\resources\bin;E:\postgresql\bin;E:\ngrok;E:\Python3.10.2\;C:\Users\HP\AppData\Local\Microsoft\WindowsApps;C:\Users\HP\AppData\Local\GitHubDesktop\bin;E:\Mingw\mingw-w64.bat;E:\ookla;%IntelliJ IDEA%;E:\Intellij Idea\IntelliJ IDEA Community Edition 2021.3.2\bin;C:\Users\HP\AppData\Local\atom\bin;E:\jdk\bin;E:\Intellij Idea\IntelliJ IDEA Community Edition 2021.3.2\bin;;E:\PyCharm\PyCharm Community Edition 2021.3.3\bin;;E:\vscode\Microsoft VS Code\bin;C:\Users\HP\.dotnet\tools;C:\Users\HP\AppData\Roaming\npm;C:\Users\HP\AppData\Local\Microsoft\WindowsApps;C:\Users\HP\go\bin;;E:\goland\GoLand 2022.3.1\bin;
USERNAME=HP
OS=Windows_NT
PROCESSOR_IDENTIFIER=Intel64 Family 6 Model 126 Stepping 5, GenuineIntel



---------------  S Y S T E M  ---------------

OS:
 Windows 11 , 64 bit Build 22621 (10.0.22621.1105)
OS uptime: 0 days 3:39 hours
Hyper-V role detected

CPU: total 8 (initial active 8) (4 cores per cpu, 2 threads per core) family 6 model 126 stepping 5 microcode 0xa6, cx8, cmov, fxsr, ht, mmx, 3dnowpref, sse, sse2, sse3, ssse3, sse4.1, sse4.2, popcnt, lzcnt, tsc, tscinvbit, avx, avx2, aes, erms, clmul, bmi1, bmi2, adx, avx512f, avx512dq, avx512cd, avx512bw, avx512vl, sha, fma, vzeroupper, avx512_vpopcntdq, avx512_vpclmulqdq, avx512_vaes, avx512_vnni, clflush, clflushopt, avx512_vbmi2, avx512_vbmi, hv

Memory: 4k page, system-wide physical 12069M (433M free)
TotalPageFile size 18213M (AvailPageFile size 20M)
current process WorkingSet (physical memory assigned to process): 261M, peak: 268M
current process commit charge ("private bytes"): 387M, peak: 413M

vm_info: Java HotSpot(TM) 64-Bit Server VM (17.0.2+8-LTS-86) for windows-amd64 JRE (17.0.2+8-LTS-86), built on Dec  7 2021 21:51:03 by "mach5one" with MS VC++ 16.8 / 16.9 (VS2019)

END.
